

#include <stdio.h>

#define BUFSIZE 1000

int obtenirline(char s[], int lim);

int main(void)
{
    int len;
    char line[BUFSIZE];
    int comment;        
    int string;         
    int i;

    comment = string = 0;
    while ((len = obtenirline(line, BUFSIZE)) > 0)
    {
        for (i = 0; i < len; ++i)
        {   
            if (!comment && !string && line[i] == '/' && line[i+1] == '/')
            {   
                continue;   
            }
            else if (!comment && !string && line[i] == '/' && line[i+1] == '*')
            {   
                ++i;    
                comment = '*';
            }
            else if (comment == '*' && line[i] == '*' && line[i+1] == '/')
            {   
                ++i;    
                comment = 0;
            }
            else if (!comment && !string && line[i] == '"')
            {   
                string = '"';
                putchar('"');
            }
            else if (!comment && !string && line[i] == '\'')
            {   
                string = '\'';
                putchar('\'');
            }
            else if (!comment && string == line[i]
                && (line[i-1] != '\\' || (line[i-1] == '\\' && line[i-2] == '\\')))
                
            {   
                string = 0;
                putchar(line[i]);
            }
            else if (!comment)
                putchar(line[i]);
        }
    }

    return 0;
}

int obtenirline(char s[], int lim)
{
    int i, c;

    for (i = 0; i < lim - 1 && (c = getchar()) != '\n' && c != EOF; ++i)
        s[i] = c;
    if (c == '\n')
        s[i++] = '\n';
    s[i] = '\0';

    return  i;
}